# JRE version: OpenJDK Runtime Environment (11.0.7+10) (build 11.0.7+10-post-Ubuntu-2ubuntu218.04)
# Java VM: OpenJDK 64-Bit Server VM (11.0.7+10-post-Ubuntu-2ubuntu218.04, mixed mode, sharing, tiered, compressed oops, g1 gc, linux-amd64)
Heap:
 garbage-first heap   total 849920K, used 167222K [0x00000000a0000000, 0x0000000100000000)
  region size 1024K, 4 young (4096K), 4 survivors (4096K)
 Metaspace       used 110427K, capacity 113668K, committed 113832K, reserved 1148928K
  class space    used 14048K, capacity 15179K, committed 15256K, reserved 1048576K
GC Heap History (20 events):
Event: 79.104 GC heap after
{Heap after GC invocations=54 (full 0):
 garbage-first heap   total 209920K, used 155905K [0x00000000a0000000, 0x0000000100000000)
  region size 1024K, 2 young (2048K), 2 survivors (2048K)
 Metaspace       used 109664K, capacity 112922K, committed 113320K, reserved 1146880K
  class space    used 13984K, capacity 15127K, committed 15256K, reserved 1048576K
}
Event: 79.156 GC heap before
{Heap before GC invocations=54 (full 0):
 garbage-first heap   total 209920K, used 180481K [0x00000000a0000000, 0x0000000100000000)
  region size 1024K, 26 young (26624K), 2 survivors (2048K)
 Metaspace       used 109719K, capacity 112987K, committed 113320K, reserved 1146880K
  class space    used 13991K, capacity 15127K, committed 15256K, reserved 1048576K
}
Event: 79.159 GC heap after
{Heap after GC invocations=55 (full 0):
 garbage-first heap   total 209920K, used 156509K [0x00000000a0000000, 0x0000000100000000)
  region size 1024K, 2 young (2048K), 2 survivors (2048K)
 Metaspace       used 109719K, capacity 112987K, committed 113320K, reserved 1146880K
  class space    used 13991K, capacity 15127K, committed 15256K, reserved 1048576K
}
Event: 79.215 GC heap before
{Heap before GC invocations=55 (full 0):
 garbage-first heap   total 209920K, used 180061K [0x00000000a0000000, 0x0000000100000000)
  region size 1024K, 26 young (26624K), 2 survivors (2048K)
 Metaspace       used 109802K, capacity 113002K, committed 113320K, reserved 1146880K
  class space    used 13997K, capacity 15130K, committed 15256K, reserved 1048576K
}
Event: 79.220 GC heap after
{Heap after GC invocations=56 (full 0):
 garbage-first heap   total 251904K, used 156874K [0x00000000a0000000, 0x0000000100000000)
  region size 1024K, 3 young (3072K), 3 survivors (3072K)
 Metaspace       used 109802K, capacity 113002K, committed 113320K, reserved 1146880K
  class space    used 13997K, capacity 15130K, committed 15256K, reserved 1048576K
}
Event: 79.334 GC heap before
{Heap before GC invocations=56 (full 0):
 garbage-first heap   total 251904K, used 205002K [0x00000000a0000000, 0x0000000100000000)
  region size 1024K, 50 young (51200K), 3 survivors (3072K)
 Metaspace       used 109928K, capacity 113138K, committed 113320K, reserved 1146880K
  class space    used 14006K, capacity 15131K, committed 15256K, reserved 1048576K
}
Event: 79.338 GC heap after
{Heap after GC invocations=57 (full 0):
 garbage-first heap   total 251904K, used 158762K [0x00000000a0000000, 0x0000000100000000)
  region size 1024K, 5 young (5120K), 5 survivors (5120K)
 Metaspace       used 109928K, capacity 113138K, committed 113320K, reserved 1146880K
  class space    used 14006K, capacity 15131K, committed 15256K, reserved 1048576K
}
Event: 79.453 GC heap before
{Heap before GC invocations=57 (full 0):
 garbage-first heap   total 251904K, used 207914K [0x00000000a0000000, 0x0000000100000000)
  region size 1024K, 53 young (54272K), 5 survivors (5120K)
 Metaspace       used 110039K, capacity 113275K, committed 113576K, reserved 1148928K
  class space    used 14009K, capacity 15134K, committed 15256K, reserved 1048576K
}
Event: 79.457 GC heap after
{Heap after GC invocations=58 (full 0):
 garbage-first heap   total 251904K, used 160103K [0x00000000a0000000, 0x0000000100000000)
  region size 1024K, 5 young (5120K), 5 survivors (5120K)
 Metaspace       used 110039K, capacity 113275K, committed 113576K, reserved 1148928K
  class space    used 14009K, capacity 15134K, committed 15256K, reserved 1048576K
}
Event: 79.582 GC heap before
{Heap before GC invocations=58 (full 0):
 garbage-first heap   total 251904K, used 212327K [0x00000000a0000000, 0x0000000100000000)
  region size 1024K, 54 young (55296K), 5 survivors (5120K)
 Metaspace       used 110168K, capacity 113374K, committed 113576K, reserved 1148928K
  class space    used 14021K, capacity 15145K, committed 15256K, reserved 1048576K
}
Event: 79.588 GC heap after
{Heap after GC invocations=59 (full 0):
 garbage-first heap   total 251904K, used 160611K [0x00000000a0000000, 0x0000000100000000)
  region size 1024K, 3 young (3072K), 3 survivors (3072K)
 Metaspace       used 110168K, capacity 113374K, committed 113576K, reserved 1148928K
  class space    used 14021K, capacity 15145K, committed 15256K, reserved 1048576K
}
Event: 79.702 GC heap before
{Heap before GC invocations=59 (full 0):
 garbage-first heap   total 251904K, used 209763K [0x00000000a0000000, 0x0000000100000000)
  region size 1024K, 52 young (53248K), 3 survivors (3072K)
 Metaspace       used 110180K, capacity 113374K, committed 113576K, reserved 1148928K
  class space    used 14021K, capacity 15145K, committed 15256K, reserved 1048576K
}
Event: 79.706 GC heap after
{Heap after GC invocations=60 (full 0):
 garbage-first heap   total 367616K, used 161300K [0x00000000a0000000, 0x0000000100000000)
  region size 1024K, 4 young (4096K), 4 survivors (4096K)
 Metaspace       used 110180K, capacity 113374K, committed 113576K, reserved 1148928K
  class space    used 14021K, capacity 15145K, committed 15256K, reserved 1048576K
}
Event: 80.037 GC heap before
{Heap before GC invocations=60 (full 0):
 garbage-first heap   total 367616K, used 267796K [0x00000000a0000000, 0x0000000100000000)
  region size 1024K, 109 young (111616K), 4 survivors (4096K)
 Metaspace       used 110401K, capacity 113604K, committed 113832K, reserved 1148928K
  class space    used 14044K, capacity 15179K, committed 15256K, reserved 1048576K
}
Event: 80.530 GC heap after
{Heap after GC invocations=61 (full 0):
 garbage-first heap   total 367616K, used 163889K [0x00000000a0000000, 0x0000000100000000)
  region size 1024K, 6 young (6144K), 6 survivors (6144K)
 Metaspace       used 110401K, capacity 113604K, committed 113832K, reserved 1148928K
  class space    used 14044K, capacity 15179K, committed 15256K, reserved 1048576K
}
Event: 81.299 GC heap before
{Heap before GC invocations=61 (full 0):
 garbage-first heap   total 367616K, used 288817K [0x00000000a0000000, 0x0000000100000000)
  region size 1024K, 129 young (132096K), 6 survivors (6144K)
 Metaspace       used 110415K, capacity 113604K, committed 113832K, reserved 1148928K
  class space    used 14046K, capacity 15179K, committed 15256K, reserved 1048576K
}
Event: 81.733 GC heap after
{Heap after GC invocations=62 (full 0):
 garbage-first heap   total 367616K, used 165230K [0x00000000a0000000, 0x0000000100000000)
  region size 1024K, 8 young (8192K), 8 survivors (8192K)
 Metaspace       used 110415K, capacity 113604K, committed 113832K, reserved 1148928K
  class space    used 14046K, capacity 15179K, committed 15256K, reserved 1048576K
}
Event: 81.962 GC heap before
{Heap before GC invocations=62 (full 0):
 garbage-first heap   total 367616K, used 174446K [0x00000000a0000000, 0x0000000100000000)
  region size 1024K, 17 young (17408K), 8 survivors (8192K)
 Metaspace       used 110418K, capacity 113604K, committed 113832K, reserved 1148928K
  class space    used 14047K, capacity 15179K, committed 15256K, reserved 1048576K
}
Event: 82.235 GC heap after
{Heap after GC invocations=63 (full 0):
 garbage-first heap   total 367616K, used 165234K [0x00000000a0000000, 0x0000000100000000)
  region size 1024K, 2 young (2048K), 2 survivors (2048K)
 Metaspace       used 110418K, capacity 113604K, committed 113832K, reserved 1148928K
  class space    used 14047K, capacity 15179K, committed 15256K, reserved 1048576K
}
Event: 82.632 GC heap before
{Heap before GC invocations=63 (full 0):
 garbage-first heap   total 367616K, used 211314K [0x00000000a0000000, 0x0000000100000000)
  region size 1024K, 47 young (48128K), 2 survivors (2048K)
 Metaspace       used 110427K, capacity 113668K, committed 113832K, reserved 1148928K
  class space    used 14048K, capacity 15179K, committed 15256K, reserved 1048576K
}

