# JRE version: OpenJDK Runtime Environment (11.0.7+10) (build 11.0.7+10-post-Ubuntu-2ubuntu218.04)
# Java VM: OpenJDK 64-Bit Server VM (11.0.7+10-post-Ubuntu-2ubuntu218.04, mixed mode, sharing, tiered, compressed oops, g1 gc, linux-amd64)
Heap:
 garbage-first heap   total 723968K, used 154258K [0x00000000a0000000, 0x0000000100000000)
  region size 1024K, 14 young (14336K), 14 survivors (14336K)
 Metaspace       used 82924K, capacity 85341K, committed 85852K, reserved 1124352K
  class space    used 11000K, capacity 11891K, committed 12032K, reserved 1048576K
GC Heap History (20 events):
Event: 13.654 GC heap after
{Heap after GC invocations=43 (full 0):
 garbage-first heap   total 332800K, used 131027K [0x00000000a0000000, 0x0000000100000000)
  region size 1024K, 12 young (12288K), 12 survivors (12288K)
 Metaspace       used 81681K, capacity 84070K, committed 84828K, reserved 1122304K
  class space    used 10985K, capacity 11882K, committed 12032K, reserved 1048576K
}
Event: 13.909 GC heap before
{Heap before GC invocations=43 (full 0):
 garbage-first heap   total 332800K, used 276435K [0x00000000a0000000, 0x0000000100000000)
  region size 1024K, 155 young (158720K), 12 survivors (12288K)
 Metaspace       used 81971K, capacity 84339K, committed 85084K, reserved 1122304K
  class space    used 10985K, capacity 11882K, committed 12032K, reserved 1048576K
}
Event: 13.918 GC heap after
{Heap after GC invocations=44 (full 0):
 garbage-first heap   total 382976K, used 131382K [0x00000000a0000000, 0x0000000100000000)
  region size 1024K, 12 young (12288K), 12 survivors (12288K)
 Metaspace       used 81971K, capacity 84339K, committed 85084K, reserved 1122304K
  class space    used 10985K, capacity 11882K, committed 12032K, reserved 1048576K
}
Event: 14.237 GC heap before
{Heap before GC invocations=44 (full 0):
 garbage-first heap   total 382976K, used 320822K [0x00000000a0000000, 0x0000000100000000)
  region size 1024K, 198 young (202752K), 12 survivors (12288K)
 Metaspace       used 82291K, capacity 84685K, committed 85340K, reserved 1122304K
  class space    used 10988K, capacity 11884K, committed 12032K, reserved 1048576K
}
Event: 14.248 GC heap after
{Heap after GC invocations=45 (full 0):
 garbage-first heap   total 382976K, used 137546K [0x00000000a0000000, 0x0000000100000000)
  region size 1024K, 18 young (18432K), 18 survivors (18432K)
 Metaspace       used 82291K, capacity 84685K, committed 85340K, reserved 1122304K
  class space    used 10988K, capacity 11884K, committed 12032K, reserved 1048576K
}
Event: 14.519 GC heap before
{Heap before GC invocations=45 (full 0):
 garbage-first heap   total 382976K, used 314698K [0x00000000a0000000, 0x0000000100000000)
  region size 1024K, 191 young (195584K), 18 survivors (18432K)
 Metaspace       used 82356K, capacity 84690K, committed 85340K, reserved 1122304K
  class space    used 10990K, capacity 11885K, committed 12032K, reserved 1048576K
}
Event: 14.528 GC heap after
{Heap after GC invocations=46 (full 0):
 garbage-first heap   total 382976K, used 136838K [0x00000000a0000000, 0x0000000100000000)
  region size 1024K, 12 young (12288K), 12 survivors (12288K)
 Metaspace       used 82356K, capacity 84690K, committed 85340K, reserved 1122304K
  class space    used 10990K, capacity 11885K, committed 12032K, reserved 1048576K
}
Event: 14.748 GC heap before
{Heap before GC invocations=46 (full 0):
 garbage-first heap   total 382976K, used 320134K [0x00000000a0000000, 0x0000000100000000)
  region size 1024K, 191 young (195584K), 12 survivors (12288K)
 Metaspace       used 82534K, capacity 84898K, committed 85596K, reserved 1122304K
  class space    used 10991K, capacity 11885K, committed 12032K, reserved 1048576K
}
Event: 14.759 GC heap after
{Heap after GC invocations=47 (full 0):
 garbage-first heap   total 382976K, used 145517K [0x00000000a0000000, 0x0000000100000000)
  region size 1024K, 20 young (20480K), 20 survivors (20480K)
 Metaspace       used 82534K, capacity 84898K, committed 85596K, reserved 1122304K
  class space    used 10991K, capacity 11885K, committed 12032K, reserved 1048576K
}
Event: 15.019 GC heap before
{Heap before GC invocations=47 (full 0):
 garbage-first heap   total 382976K, used 318573K [0x00000000a0000000, 0x0000000100000000)
  region size 1024K, 190 young (194560K), 20 survivors (20480K)
 Metaspace       used 82670K, capacity 85060K, committed 85596K, reserved 1122304K
  class space    used 10992K, capacity 11888K, committed 12032K, reserved 1048576K
}
Event: 15.031 GC heap after
{Heap after GC invocations=48 (full 0):
 garbage-first heap   total 382976K, used 145460K [0x00000000a0000000, 0x0000000100000000)
  region size 1024K, 13 young (13312K), 13 survivors (13312K)
 Metaspace       used 82670K, capacity 85060K, committed 85596K, reserved 1122304K
  class space    used 10992K, capacity 11888K, committed 12032K, reserved 1048576K
}
Event: 15.280 GC heap before
{Heap before GC invocations=48 (full 0):
 garbage-first heap   total 382976K, used 321588K [0x00000000a0000000, 0x0000000100000000)
  region size 1024K, 186 young (190464K), 13 survivors (13312K)
 Metaspace       used 82786K, capacity 85139K, committed 85596K, reserved 1122304K
  class space    used 10993K, capacity 11889K, committed 12032K, reserved 1048576K
}
Event: 15.296 GC heap after
{Heap after GC invocations=49 (full 0):
 garbage-first heap   total 431104K, used 146810K [0x00000000a0000000, 0x0000000100000000)
  region size 1024K, 15 young (15360K), 15 survivors (15360K)
 Metaspace       used 82786K, capacity 85139K, committed 85596K, reserved 1122304K
  class space    used 10993K, capacity 11889K, committed 12032K, reserved 1048576K
}
Event: 15.691 GC heap before
{Heap before GC invocations=49 (full 0):
 garbage-first heap   total 431104K, used 354682K [0x00000000a0000000, 0x0000000100000000)
  region size 1024K, 218 young (223232K), 15 survivors (15360K)
 Metaspace       used 82883K, capacity 85274K, committed 85852K, reserved 1124352K
  class space    used 10994K, capacity 11890K, committed 12032K, reserved 1048576K
}
Event: 15.777 GC heap after
{Heap after GC invocations=50 (full 0):
 garbage-first heap   total 431104K, used 148469K [0x00000000a0000000, 0x0000000100000000)
  region size 1024K, 16 young (16384K), 16 survivors (16384K)
 Metaspace       used 82883K, capacity 85274K, committed 85852K, reserved 1124352K
  class space    used 10994K, capacity 11890K, committed 12032K, reserved 1048576K
}
Event: 16.451 GC heap before
{Heap before GC invocations=50 (full 0):
 garbage-first heap   total 431104K, used 362485K [0x00000000a0000000, 0x0000000100000000)
  region size 1024K, 226 young (231424K), 16 survivors (16384K)
 Metaspace       used 82907K, capacity 85274K, committed 85852K, reserved 1124352K
  class space    used 10997K, capacity 11890K, committed 12032K, reserved 1048576K
}
Event: 16.604 GC heap after
{Heap after GC invocations=51 (full 0):
 garbage-first heap   total 431104K, used 151127K [0x00000000a0000000, 0x0000000100000000)
  region size 1024K, 18 young (18432K), 18 survivors (18432K)
 Metaspace       used 82907K, capacity 85274K, committed 85852K, reserved 1124352K
  class space    used 10997K, capacity 11890K, committed 12032K, reserved 1048576K
}
Event: 17.214 GC heap before
{Heap before GC invocations=51 (full 0):
 garbage-first heap   total 431104K, used 364119K [0x00000000a0000000, 0x0000000100000000)
  region size 1024K, 227 young (232448K), 18 survivors (18432K)
 Metaspace       used 82914K, capacity 85338K, committed 85852K, reserved 1124352K
  class space    used 10998K, capacity 11890K, committed 12032K, reserved 1048576K
}
Event: 17.437 GC heap after
{Heap after GC invocations=52 (full 0):
 garbage-first heap   total 431104K, used 153014K [0x00000000a0000000, 0x0000000100000000)
  region size 1024K, 13 young (13312K), 13 survivors (13312K)
 Metaspace       used 82914K, capacity 85338K, committed 85852K, reserved 1124352K
  class space    used 10998K, capacity 11890K, committed 12032K, reserved 1048576K
}
Event: 18.408 GC heap before
{Heap before GC invocations=52 (full 0):
 garbage-first heap   total 431104K, used 366006K [0x00000000a0000000, 0x0000000100000000)
  region size 1024K, 222 young (227328K), 13 survivors (13312K)
 Metaspace       used 82924K, capacity 85341K, committed 85852K, reserved 1124352K
  class space    used 11000K, capacity 11891K, committed 12032K, reserved 1048576K
}

